Arguments: 
  C:\Program Files\nodejs\node.exe C:\Users\Asad Aziz\AppData\Roaming\npm\node_modules\yarn\bin\yarn.js global add serve

PATH: 
  C:\ProgramData\Oracle\Java\javapath;C:\WINDOWS\system32;C:\WINDOWS;C:\WINDOWS\System32\Wbem;C:\WINDOWS\System32\WindowsPowerShell\v1.0\;C:\Program Files\Git\cmd;C:\Program Files\MongoDB\Server\3.5\bin;C:\Program Files\nodejs\;C:\Program Files\dotnet\;C:\Program Files\Microsoft SQL Server\130\Tools\Binn\;C:\Program Files\Microsoft VS Code\bin;C:\Program Files (x86)\MongoDB\Server\3.2\bin;C:\Users\Asad Aziz\AppData\Local\GitHubDesktop\bin;C:\Users\Asad Aziz\AppData\Roaming\npm;C:\Program Files\Heroku\bin;C:\Users\Asad Aziz\AppData\Local\Microsoft\WindowsApps;

Yarn version: 
  1.6.0

Node version: 
  8.9.4

Platform: 
  win32 x64

Trace: 
  SyntaxError: C:\xampp\htdocs\paktravellersmania\package.json: Unexpected token } in JSON at position 271
      at JSON.parse (<anonymous>)
      at C:\Users\Asad Aziz\AppData\Roaming\npm\node_modules\yarn\lib\cli.js:1130:59
      at Generator.next (<anonymous>)
      at step (C:\Users\Asad Aziz\AppData\Roaming\npm\node_modules\yarn\lib\cli.js:98:30)
      at C:\Users\Asad Aziz\AppData\Roaming\npm\node_modules\yarn\lib\cli.js:109:13
      at <anonymous>

npm manifest: 
  {
    "name": "quiz_app",
    "version": "1.0.0",
    "description": "",
    "main": "index.js",
    "scripts": {
      "test": "echo \"Error: no test specified\" && exit 1"
    },
    "author": "",
    "license": "ISC",
    "dependencies": {
      "@uirouter/angularjs": "^1.0.11",
     
     
    }
  }

yarn manifest: 
  No manifest

Lockfile: 
  No lockfile
